<?xml version="1.0" encoding="utf-8"?>
<test-run id="2" name="Open-Lab-04.10.dll" fullname="C:/Users/onkom/Source/Repos/Open-Lab-04.10/Open-Lab-04.10/bin/Debug/netcoreapp3.0/Open-Lab-04.10.dll" testcasecount="100" result="Passed" start-time="2021-11-09 21:13:09Z" end-time="2021-11-09 21:13:09Z" duration="0.164718" total="100" passed="100" failed="0" inconclusive="0" skipped="0" asserts="100" random-seed="5814832">
  <command-line><![CDATA[C:\Users\onkom\Source\Repos\Open-Lab-04.10\Open-Lab-04.10\bin\Debug\netcoreapp3.0\Open-Lab-04.10.dll]]></command-line>
  <filter />
  <test-suite type="Assembly" id="1103" name="Open-Lab-04.10.dll" fullname="C:/Users/onkom/Source/Repos/Open-Lab-04.10/Open-Lab-04.10/bin/Debug/netcoreapp3.0/Open-Lab-04.10.dll" runstate="Runnable" testcasecount="100" result="Passed" start-time="2021-11-09 21:13:09Z" end-time="2021-11-09 21:13:09Z" duration="0.164718" total="100" passed="100" failed="0" warnings="0" inconclusive="0" skipped="0" asserts="100">
    <environment framework-version="3.12.0.0" clr-version="3.1.19" os-version="Microsoft Windows 10.0.19042" platform="Win32NT" cwd="C:\Users\onkom\Source\Repos\Open-Lab-04.10\Open-Lab-04.10\bin\Debug\netcoreapp3.0" machine-name="DESKTOP-7OQAPDJ" user="onkom" user-domain="DESKTOP-7OQAPDJ" culture="en-US" uiculture="en-US" os-architecture="x64" />
    <settings>
      <setting name="WorkDirectory" value="C:\Users\onkom\Source\Repos\Open-Lab-04.10\Open-Lab-04.10\bin\Debug\netcoreapp3.0" />
      <setting name="NumberOfTestWorkers" value="4" />
    </settings>
    <properties>
      <property name="_PID" value="232" />
      <property name="_APPDOMAIN" value="Open-Lab-04.10" />
    </properties>
    <test-suite type="TestSuite" id="1104" name="Open_Lab_04" fullname="Open_Lab_04" runstate="Runnable" testcasecount="100" result="Passed" start-time="2021-11-09 21:13:09Z" end-time="2021-11-09 21:13:09Z" duration="0.130504" total="100" passed="100" failed="0" warnings="0" inconclusive="0" skipped="0" asserts="100">
      <test-suite type="TestSuite" id="1105" name="_10" fullname="Open_Lab_04._10" runstate="Runnable" testcasecount="100" result="Passed" start-time="2021-11-09 21:13:09Z" end-time="2021-11-09 21:13:09Z" duration="0.117179" total="100" passed="100" failed="0" warnings="0" inconclusive="0" skipped="0" asserts="100">
        <test-suite type="TestFixture" id="1000" name="Tests" fullname="Open_Lab_04._10.Tests" classname="Open_Lab_04._10.Tests" runstate="Runnable" testcasecount="100" result="Passed" start-time="2021-11-09 21:13:09Z" end-time="2021-11-09 21:13:09Z" duration="0.108584" total="100" passed="100" failed="0" warnings="0" inconclusive="0" skipped="0" asserts="100">
          <test-suite type="ParameterizedMethod" id="1004" name="AverageTest" fullname="Open_Lab_04._10.Tests.AverageTest" classname="Open_Lab_04._10.Tests" runstate="Runnable" testcasecount="3" result="Passed" start-time="2021-11-09 21:13:09Z" end-time="2021-11-09 21:13:09Z" duration="0.067920" total="3" passed="3" failed="0" warnings="0" inconclusive="0" skipped="0" asserts="3">
            <test-case id="1001" name="AverageTest([1, 0, 4, 5, 2, ...],2.54f)" fullname="Open_Lab_04._10.Tests.AverageTest([1, 0, 4, 5, 2, ...],2.54f)" methodname="AverageTest" classname="Open_Lab_04._10.Tests" runstate="Runnable" seed="1304412118" result="Passed" start-time="2021-11-09 21:13:09Z" end-time="2021-11-09 21:13:09Z" duration="0.053933" asserts="1" />
            <test-case id="1002" name="AverageTest([2, 3, 2, 3],2.5f)" fullname="Open_Lab_04._10.Tests.AverageTest([2, 3, 2, 3],2.5f)" methodname="AverageTest" classname="Open_Lab_04._10.Tests" runstate="Runnable" seed="2040969418" result="Passed" start-time="2021-11-09 21:13:09Z" end-time="2021-11-09 21:13:09Z" duration="0.000330" asserts="1" />
            <test-case id="1003" name="AverageTest([3, 3, 3, 3, 3],3.0f)" fullname="Open_Lab_04._10.Tests.AverageTest([3, 3, 3, 3, 3],3.0f)" methodname="AverageTest" classname="Open_Lab_04._10.Tests" runstate="Runnable" seed="1558099285" result="Passed" start-time="2021-11-09 21:13:09Z" end-time="2021-11-09 21:13:09Z" duration="0.000104" asserts="1" />
          </test-suite>
          <test-suite type="ParameterizedMethod" id="1102" name="AverageTestRandom" fullname="Open_Lab_04._10.Tests.AverageTestRandom" classname="Open_Lab_04._10.Tests" runstate="Runnable" testcasecount="97" result="Passed" start-time="2021-11-09 21:13:09Z" end-time="2021-11-09 21:13:09Z" duration="0.016259" total="97" passed="97" failed="0" warnings="0" inconclusive="0" skipped="0" asserts="97">
            <test-case id="1005" name="AverageTestRandom([172531523, 93953016, 37819934, 138212853, 124837105, ...],104005344.0f)" fullname="Open_Lab_04._10.Tests.AverageTestRandom([172531523, 93953016, 37819934, 138212853, 124837105, ...],104005344.0f)" methodname="AverageTestRandom" classname="Open_Lab_04._10.Tests" runstate="Runnable" seed="965028433" result="Passed" start-time="2021-11-09 21:13:09Z" end-time="2021-11-09 21:13:09Z" duration="0.000886" asserts="1" />
            <test-case id="1006" name="AverageTestRandom([9764662, 3367858, 4779066, 291563, 947564, ...],13384597.0f)" fullname="Open_Lab_04._10.Tests.AverageTestRandom([9764662, 3367858, 4779066, 291563, 947564, ...],13384597.0f)" methodname="AverageTestRandom" classname="Open_Lab_04._10.Tests" runstate="Runnable" seed="668560583" result="Passed" start-time="2021-11-09 21:13:09Z" end-time="2021-11-09 21:13:09Z" duration="0.000193" asserts="1" />
            <test-case id="1007" name="AverageTestRandom([50102020, 25760501, 78836110, 52426284, 76551823, ...],37799104.0f)" fullname="Open_Lab_04._10.Tests.AverageTestRandom([50102020, 25760501, 78836110, 52426284, 76551823, ...],37799104.0f)" methodname="AverageTestRandom" classname="Open_Lab_04._10.Tests" runstate="Runnable" seed="472238766" result="Passed" start-time="2021-11-09 21:13:09Z" end-time="2021-11-09 21:13:09Z" duration="0.000110" asserts="1" />
            <test-case id="1008" name="AverageTestRandom([14264275, 1542871, 47442053, 46122744, 50223669, ...],35837260.0f)" fullname="Open_Lab_04._10.Tests.AverageTestRandom([14264275, 1542871, 47442053, 46122744, 50223669, ...],35837260.0f)" methodname="AverageTestRandom" classname="Open_Lab_04._10.Tests" runstate="Runnable" seed="1468005190" result="Passed" start-time="2021-11-09 21:13:09Z" end-time="2021-11-09 21:13:09Z" duration="0.000086" asserts="1" />
            <test-case id="1009" name="AverageTestRandom([267037782, 23467595, 51157447, 23187940, 193271767, ...],142638050.0f)" fullname="Open_Lab_04._10.Tests.AverageTestRandom([267037782, 23467595, 51157447, 23187940, 193271767, ...],142638050.0f)" methodname="AverageTestRandom" classname="Open_Lab_04._10.Tests" runstate="Runnable" seed="1473139376" result="Passed" start-time="2021-11-09 21:13:09Z" end-time="2021-11-09 21:13:09Z" duration="0.000096" asserts="1" />
            <test-case id="1010" name="AverageTestRandom([15994653, 15425792, 8288536, 8347114, 22849851, ...],14472749.0f)" fullname="Open_Lab_04._10.Tests.AverageTestRandom([15994653, 15425792, 8288536, 8347114, 22849851, ...],14472749.0f)" methodname="AverageTestRandom" classname="Open_Lab_04._10.Tests" runstate="Runnable" seed="827903268" result="Passed" start-time="2021-11-09 21:13:09Z" end-time="2021-11-09 21:13:09Z" duration="0.000084" asserts="1" />
            <test-case id="1011" name="AverageTestRandom([11683344, 14936743, 19305854, 21261157, 16518241, ...],11063752.0f)" fullname="Open_Lab_04._10.Tests.AverageTestRandom([11683344, 14936743, 19305854, 21261157, 16518241, ...],11063752.0f)" methodname="AverageTestRandom" classname="Open_Lab_04._10.Tests" runstate="Runnable" seed="393322905" result="Passed" start-time="2021-11-09 21:13:09Z" end-time="2021-11-09 21:13:09Z" duration="0.000100" asserts="1" />
            <test-case id="1012" name="AverageTestRandom([21416614, 17115521, 15840034, 16521033, 19058889, ...],12032640.0f)" fullname="Open_Lab_04._10.Tests.AverageTestRandom([21416614, 17115521, 15840034, 16521033, 19058889, ...],12032640.0f)" methodname="AverageTestRandom" classname="Open_Lab_04._10.Tests" runstate="Runnable" seed="517492282" result="Passed" start-time="2021-11-09 21:13:09Z" end-time="2021-11-09 21:13:09Z" duration="0.000096" asserts="1" />
            <test-case id="1013" name="AverageTestRandom([15662097, 9934936, 3229735, 17221095, 958616, ...],11512344.0f)" fullname="Open_Lab_04._10.Tests.AverageTestRandom([15662097, 9934936, 3229735, 17221095, 958616, ...],11512344.0f)" methodname="AverageTestRandom" classname="Open_Lab_04._10.Tests" runstate="Runnable" seed="441473044" result="Passed" start-time="2021-11-09 21:13:09Z" end-time="2021-11-09 21:13:09Z" duration="0.000097" asserts="1" />
            <test-case id="1014" name="AverageTestRandom([19018389, 18232410, 13895467, 5072767, 2985753, ...],11417364.0f)" fullname="Open_Lab_04._10.Tests.AverageTestRandom([19018389, 18232410, 13895467, 5072767, 2985753, ...],11417364.0f)" methodname="AverageTestRandom" classname="Open_Lab_04._10.Tests" runstate="Runnable" seed="1487196188" result="Passed" start-time="2021-11-09 21:13:09Z" end-time="2021-11-09 21:13:09Z" duration="0.000096" asserts="1" />
            <test-case id="1015" name="AverageTestRandom([39934830, 2533812, 19134900, 42557159, 136817, ...],32102792.0f)" fullname="Open_Lab_04._10.Tests.AverageTestRandom([39934830, 2533812, 19134900, 42557159, 136817, ...],32102792.0f)" methodname="AverageTestRandom" classname="Open_Lab_04._10.Tests" runstate="Runnable" seed="293987787" result="Passed" start-time="2021-11-09 21:13:09Z" end-time="2021-11-09 21:13:09Z" duration="0.000125" asserts="1" />
            <test-case id="1016" name="AverageTestRandom([3487689, 13165608, 24596225, 12861447, 7791884, ...],15129790.0f)" fullname="Open_Lab_04._10.Tests.AverageTestRandom([3487689, 13165608, 24596225, 12861447, 7791884, ...],15129790.0f)" methodname="AverageTestRandom" classname="Open_Lab_04._10.Tests" runstate="Runnable" seed="396484032" result="Passed" start-time="2021-11-09 21:13:09Z" end-time="2021-11-09 21:13:09Z" duration="0.000120" asserts="1" />
            <test-case id="1017" name="AverageTestRandom([13489830, 25811886, 17891054, 15325144, 15943182, ...],13183710.0f)" fullname="Open_Lab_04._10.Tests.AverageTestRandom([13489830, 25811886, 17891054, 15325144, 15943182, ...],13183710.0f)" methodname="AverageTestRandom" classname="Open_Lab_04._10.Tests" runstate="Runnable" seed="1730261605" result="Passed" start-time="2021-11-09 21:13:09Z" end-time="2021-11-09 21:13:09Z" duration="0.000085" asserts="1" />
            <test-case id="1018" name="AverageTestRandom([37114378, 10120375, 5955297, 37390110, 15737372, ...],20511192.0f)" fullname="Open_Lab_04._10.Tests.AverageTestRandom([37114378, 10120375, 5955297, 37390110, 15737372, ...],20511192.0f)" methodname="AverageTestRandom" classname="Open_Lab_04._10.Tests" runstate="Runnable" seed="1142476589" result="Passed" start-time="2021-11-09 21:13:09Z" end-time="2021-11-09 21:13:09Z" duration="0.000095" asserts="1" />
            <test-case id="1019" name="AverageTestRandom([53285910, 21833602, 40776522, 29848035, 34467944, ...],28206002.0f)" fullname="Open_Lab_04._10.Tests.AverageTestRandom([53285910, 21833602, 40776522, 29848035, 34467944, ...],28206002.0f)" methodname="AverageTestRandom" classname="Open_Lab_04._10.Tests" runstate="Runnable" seed="1933888189" result="Passed" start-time="2021-11-09 21:13:09Z" end-time="2021-11-09 21:13:09Z" duration="0.000084" asserts="1" />
            <test-case id="1020" name="AverageTestRandom([68285859, 172484394, 240195671, 16302137, 215108591, ...],145113520.0f)" fullname="Open_Lab_04._10.Tests.AverageTestRandom([68285859, 172484394, 240195671, 16302137, 215108591, ...],145113520.0f)" methodname="AverageTestRandom" classname="Open_Lab_04._10.Tests" runstate="Runnable" seed="1805010924" result="Passed" start-time="2021-11-09 21:13:09Z" end-time="2021-11-09 21:13:09Z" duration="0.000093" asserts="1" />
            <test-case id="1021" name="AverageTestRandom([15027850, 15205137, 8339791, 12245926, 7607023, ...],12733509.0f)" fullname="Open_Lab_04._10.Tests.AverageTestRandom([15027850, 15205137, 8339791, 12245926, 7607023, ...],12733509.0f)" methodname="AverageTestRandom" classname="Open_Lab_04._10.Tests" runstate="Runnable" seed="972331548" result="Passed" start-time="2021-11-09 21:13:09Z" end-time="2021-11-09 21:13:09Z" duration="0.000154" asserts="1" />
            <test-case id="1022" name="AverageTestRandom([50490128, 18544822, 19786094, 5568851, 15007339, ...],28268920.0f)" fullname="Open_Lab_04._10.Tests.AverageTestRandom([50490128, 18544822, 19786094, 5568851, 15007339, ...],28268920.0f)" methodname="AverageTestRandom" classname="Open_Lab_04._10.Tests" runstate="Runnable" seed="1810896225" result="Passed" start-time="2021-11-09 21:13:09Z" end-time="2021-11-09 21:13:09Z" duration="0.000085" asserts="1" />
            <test-case id="1023" name="AverageTestRandom([11702013, 7297897, 1948204, 21489505, 9214987, ...],10769359.0f)" fullname="Open_Lab_04._10.Tests.AverageTestRandom([11702013, 7297897, 1948204, 21489505, 9214987, ...],10769359.0f)" methodname="AverageTestRandom" classname="Open_Lab_04._10.Tests" runstate="Runnable" seed="404550933" result="Passed" start-time="2021-11-09 21:13:09Z" end-time="2021-11-09 21:13:09Z" duration="0.000095" asserts="1" />
            <test-case id="1024" name="AverageTestRandom([13050100, 12885527, 9005323, 2912213, 70304, ...],18827202.0f)" fullname="Open_Lab_04._10.Tests.AverageTestRandom([13050100, 12885527, 9005323, 2912213, 70304, ...],18827202.0f)" methodname="AverageTestRandom" classname="Open_Lab_04._10.Tests" runstate="Runnable" seed="1758916611" result="Passed" start-time="2021-11-09 21:13:09Z" end-time="2021-11-09 21:13:09Z" duration="0.000082" asserts="1" />
            <test-case id="1025" name="AverageTestRandom([30597291, 27809281, 5359736, 23739145, 32269525, ...],18477710.0f)" fullname="Open_Lab_04._10.Tests.AverageTestRandom([30597291, 27809281, 5359736, 23739145, 32269525, ...],18477710.0f)" methodname="AverageTestRandom" classname="Open_Lab_04._10.Tests" runstate="Runnable" seed="874849084" result="Passed" start-time="2021-11-09 21:13:09Z" end-time="2021-11-09 21:13:09Z" duration="0.000094" asserts="1" />
            <test-case id="1026" name="AverageTestRandom([25578640, 1669612, 61995796, 11392449, 20540081, ...],30732162.0f)" fullname="Open_Lab_04._10.Tests.AverageTestRandom([25578640, 1669612, 61995796, 11392449, 20540081, ...],30732162.0f)" methodname="AverageTestRandom" classname="Open_Lab_04._10.Tests" runstate="Runnable" seed="1835816307" result="Passed" start-time="2021-11-09 21:13:09Z" end-time="2021-11-09 21:13:09Z" duration="0.000081" asserts="1" />
            <test-case id="1027" name="AverageTestRandom([39404643, 59385673, 68928669, 13588160, 62001254, ...],39717208.0f)" fullname="Open_Lab_04._10.Tests.AverageTestRandom([39404643, 59385673, 68928669, 13588160, 62001254, ...],39717208.0f)" methodname="AverageTestRandom" classname="Open_Lab_04._10.Tests" runstate="Runnable" seed="515095633" result="Passed" start-time="2021-11-09 21:13:09Z" end-time="2021-11-09 21:13:09Z" duration="0.000093" asserts="1" />
            <test-case id="1028" name="AverageTestRandom([53926924, 69421556, 16050467, 56820066, 12917822, ...],35366420.0f)" fullname="Open_Lab_04._10.Tests.AverageTestRandom([53926924, 69421556, 16050467, 56820066, 12917822, ...],35366420.0f)" methodname="AverageTestRandom" classname="Open_Lab_04._10.Tests" runstate="Runnable" seed="257917265" result="Passed" start-time="2021-11-09 21:13:09Z" end-time="2021-11-09 21:13:09Z" duration="0.000091" asserts="1" />
            <test-case id="1029" name="AverageTestRandom([23159493, 447076883],235118190.0f)" fullname="Open_Lab_04._10.Tests.AverageTestRandom([23159493, 447076883],235118190.0f)" methodname="AverageTestRandom" classname="Open_Lab_04._10.Tests" runstate="Runnable" seed="2067683061" result="Passed" start-time="2021-11-09 21:13:09Z" end-time="2021-11-09 21:13:09Z" duration="0.000083" asserts="1" />
            <test-case id="1030" name="AverageTestRandom([23771591, 23181282, 3689531, 7782693, 8150368, ...],11436404.0f)" fullname="Open_Lab_04._10.Tests.AverageTestRandom([23771591, 23181282, 3689531, 7782693, 8150368, ...],11436404.0f)" methodname="AverageTestRandom" classname="Open_Lab_04._10.Tests" runstate="Runnable" seed="891434075" result="Passed" start-time="2021-11-09 21:13:09Z" end-time="2021-11-09 21:13:09Z" duration="0.000153" asserts="1" />
            <test-case id="1031" name="AverageTestRandom([18363482, 24504811, 26124207, 39637502, 16555556, ...],22842854.0f)" fullname="Open_Lab_04._10.Tests.AverageTestRandom([18363482, 24504811, 26124207, 39637502, 16555556, ...],22842854.0f)" methodname="AverageTestRandom" classname="Open_Lab_04._10.Tests" runstate="Runnable" seed="1709844934" result="Passed" start-time="2021-11-09 21:13:09Z" end-time="2021-11-09 21:13:09Z" duration="0.000084" asserts="1" />
            <test-case id="1032" name="AverageTestRandom([27133715, 6032868, 32075800, 25365382, 18743427, ...],25972866.0f)" fullname="Open_Lab_04._10.Tests.AverageTestRandom([27133715, 6032868, 32075800, 25365382, 18743427, ...],25972866.0f)" methodname="AverageTestRandom" classname="Open_Lab_04._10.Tests" runstate="Runnable" seed="353409750" result="Passed" start-time="2021-11-09 21:13:09Z" end-time="2021-11-09 21:13:09Z" duration="0.000093" asserts="1" />
            <test-case id="1033" name="AverageTestRandom([6653393, 2105375, 20780048, 14603829, 544631, ...],11732539.0f)" fullname="Open_Lab_04._10.Tests.AverageTestRandom([6653393, 2105375, 20780048, 14603829, 544631, ...],11732539.0f)" methodname="AverageTestRandom" classname="Open_Lab_04._10.Tests" runstate="Runnable" seed="417075611" result="Passed" start-time="2021-11-09 21:13:09Z" end-time="2021-11-09 21:13:09Z" duration="0.000079" asserts="1" />
            <test-case id="1034" name="AverageTestRandom([39062471, 108932389, 29751547, 136223486, 102834264, ...],75978216.0f)" fullname="Open_Lab_04._10.Tests.AverageTestRandom([39062471, 108932389, 29751547, 136223486, 102834264, ...],75978216.0f)" methodname="AverageTestRandom" classname="Open_Lab_04._10.Tests" runstate="Runnable" seed="895711369" result="Passed" start-time="2021-11-09 21:13:09Z" end-time="2021-11-09 21:13:09Z" duration="0.000093" asserts="1" />
            <test-case id="1035" name="AverageTestRandom([21918431, 3130658, 14102998, 22971487, 8940766, ...],12481783.0f)" fullname="Open_Lab_04._10.Tests.AverageTestRandom([21918431, 3130658, 14102998, 22971487, 8940766, ...],12481783.0f)" methodname="AverageTestRandom" classname="Open_Lab_04._10.Tests" runstate="Runnable" seed="1685201155" result="Passed" start-time="2021-11-09 21:13:09Z" end-time="2021-11-09 21:13:09Z" duration="0.000106" asserts="1" />
            <test-case id="1036" name="AverageTestRandom([8941579, 22921786, 13247313, 26592167, 2586100, ...],17107980.0f)" fullname="Open_Lab_04._10.Tests.AverageTestRandom([8941579, 22921786, 13247313, 26592167, 2586100, ...],17107980.0f)" methodname="AverageTestRandom" classname="Open_Lab_04._10.Tests" runstate="Runnable" seed="1537240236" result="Passed" start-time="2021-11-09 21:13:09Z" end-time="2021-11-09 21:13:09Z" duration="0.000083" asserts="1" />
            <test-case id="1037" name="AverageTestRandom([64840857, 9411005, 68247044, 32232895, 23058064, ...],34926996.0f)" fullname="Open_Lab_04._10.Tests.AverageTestRandom([64840857, 9411005, 68247044, 32232895, 23058064, ...],34926996.0f)" methodname="AverageTestRandom" classname="Open_Lab_04._10.Tests" runstate="Runnable" seed="1178533235" result="Passed" start-time="2021-11-09 21:13:09Z" end-time="2021-11-09 21:13:09Z" duration="0.000095" asserts="1" />
            <test-case id="1038" name="AverageTestRandom([20616499, 18910160, 19829343, 9457295, 13348243, ...],10951191.0f)" fullname="Open_Lab_04._10.Tests.AverageTestRandom([20616499, 18910160, 19829343, 9457295, 13348243, ...],10951191.0f)" methodname="AverageTestRandom" classname="Open_Lab_04._10.Tests" runstate="Runnable" seed="97107821" result="Passed" start-time="2021-11-09 21:13:09Z" end-time="2021-11-09 21:13:09Z" duration="0.000130" asserts="1" />
            <test-case id="1039" name="AverageTestRandom([12720405, 8961900, 8499890, 10955858, 7980229, ...],10194751.0f)" fullname="Open_Lab_04._10.Tests.AverageTestRandom([12720405, 8961900, 8499890, 10955858, 7980229, ...],10194751.0f)" methodname="AverageTestRandom" classname="Open_Lab_04._10.Tests" runstate="Runnable" seed="998789724" result="Passed" start-time="2021-11-09 21:13:09Z" end-time="2021-11-09 21:13:09Z" duration="0.000086" asserts="1" />
            <test-case id="1040" name="AverageTestRandom([6001359, 7253873, 13806952, 171932, 7701371, ...],10931826.0f)" fullname="Open_Lab_04._10.Tests.AverageTestRandom([6001359, 7253873, 13806952, 171932, 7701371, ...],10931826.0f)" methodname="AverageTestRandom" classname="Open_Lab_04._10.Tests" runstate="Runnable" seed="381924554" result="Passed" start-time="2021-11-09 21:13:09Z" end-time="2021-11-09 21:13:09Z" duration="0.000086" asserts="1" />
            <test-case id="1041" name="AverageTestRandom([176198730, 177324744, 153709838, 18634522, 81546460, ...],102040984.0f)" fullname="Open_Lab_04._10.Tests.AverageTestRandom([176198730, 177324744, 153709838, 18634522, 81546460, ...],102040984.0f)" methodname="AverageTestRandom" classname="Open_Lab_04._10.Tests" runstate="Runnable" seed="1727087227" result="Passed" start-time="2021-11-09 21:13:09Z" end-time="2021-11-09 21:13:09Z" duration="0.000071" asserts="1" />
            <test-case id="1042" name="AverageTestRandom([21367953, 19417683, 18062006, 8414477, 2739940, ...],13716096.0f)" fullname="Open_Lab_04._10.Tests.AverageTestRandom([21367953, 19417683, 18062006, 8414477, 2739940, ...],13716096.0f)" methodname="AverageTestRandom" classname="Open_Lab_04._10.Tests" runstate="Runnable" seed="11361541" result="Passed" start-time="2021-11-09 21:13:09Z" end-time="2021-11-09 21:13:09Z" duration="0.000086" asserts="1" />
            <test-case id="1043" name="AverageTestRandom([17030145, 56805962, 30611250, 21401072, 51921634, ...],33766300.0f)" fullname="Open_Lab_04._10.Tests.AverageTestRandom([17030145, 56805962, 30611250, 21401072, 51921634, ...],33766300.0f)" methodname="AverageTestRandom" classname="Open_Lab_04._10.Tests" runstate="Runnable" seed="822187870" result="Passed" start-time="2021-11-09 21:13:09Z" end-time="2021-11-09 21:13:09Z" duration="0.000072" asserts="1" />
            <test-case id="1044" name="AverageTestRandom([545901086, 243879974],394890530.0f)" fullname="Open_Lab_04._10.Tests.AverageTestRandom([545901086, 243879974],394890530.0f)" methodname="AverageTestRandom" classname="Open_Lab_04._10.Tests" runstate="Runnable" seed="1852483250" result="Passed" start-time="2021-11-09 21:13:09Z" end-time="2021-11-09 21:13:09Z" duration="0.000079" asserts="1" />
            <test-case id="1045" name="AverageTestRandom([3500565, 48818293, 55688194, 20758656, 14937461, ...],32122818.0f)" fullname="Open_Lab_04._10.Tests.AverageTestRandom([3500565, 48818293, 55688194, 20758656, 14937461, ...],32122818.0f)" methodname="AverageTestRandom" classname="Open_Lab_04._10.Tests" runstate="Runnable" seed="893030399" result="Passed" start-time="2021-11-09 21:13:09Z" end-time="2021-11-09 21:13:09Z" duration="0.000115" asserts="1" />
            <test-case id="1046" name="AverageTestRandom([34768516, 83884889, 123621742, 10627413, 27217627, ...],62885400.0f)" fullname="Open_Lab_04._10.Tests.AverageTestRandom([34768516, 83884889, 123621742, 10627413, 27217627, ...],62885400.0f)" methodname="AverageTestRandom" classname="Open_Lab_04._10.Tests" runstate="Runnable" seed="2055247458" result="Passed" start-time="2021-11-09 21:13:09Z" end-time="2021-11-09 21:13:09Z" duration="0.000286" asserts="1" />
            <test-case id="1047" name="AverageTestRandom([37220128, 18186338, 30040896, 48278951, 18063933, ...],29665354.0f)" fullname="Open_Lab_04._10.Tests.AverageTestRandom([37220128, 18186338, 30040896, 48278951, 18063933, ...],29665354.0f)" methodname="AverageTestRandom" classname="Open_Lab_04._10.Tests" runstate="Runnable" seed="798255704" result="Passed" start-time="2021-11-09 21:13:09Z" end-time="2021-11-09 21:13:09Z" duration="0.000232" asserts="1" />
            <test-case id="1048" name="AverageTestRandom([8424403, 23833045, 11607193, 16832630, 25818752, ...],16329491.0f)" fullname="Open_Lab_04._10.Tests.AverageTestRandom([8424403, 23833045, 11607193, 16832630, 25818752, ...],16329491.0f)" methodname="AverageTestRandom" classname="Open_Lab_04._10.Tests" runstate="Runnable" seed="2066091959" result="Passed" start-time="2021-11-09 21:13:09Z" end-time="2021-11-09 21:13:09Z" duration="0.000229" asserts="1" />
            <test-case id="1049" name="AverageTestRandom([11367187, 22413380, 12258040, 26590502, 5000692, ...],15568654.0f)" fullname="Open_Lab_04._10.Tests.AverageTestRandom([11367187, 22413380, 12258040, 26590502, 5000692, ...],15568654.0f)" methodname="AverageTestRandom" classname="Open_Lab_04._10.Tests" runstate="Runnable" seed="1055086017" result="Passed" start-time="2021-11-09 21:13:09Z" end-time="2021-11-09 21:13:09Z" duration="0.000222" asserts="1" />
            <test-case id="1050" name="AverageTestRandom([48226550, 58667027, 13791740, 1290725, 44247615, ...],41217204.0f)" fullname="Open_Lab_04._10.Tests.AverageTestRandom([48226550, 58667027, 13791740, 1290725, 44247615, ...],41217204.0f)" methodname="AverageTestRandom" classname="Open_Lab_04._10.Tests" runstate="Runnable" seed="938731704" result="Passed" start-time="2021-11-09 21:13:09Z" end-time="2021-11-09 21:13:09Z" duration="0.000173" asserts="1" />
            <test-case id="1051" name="AverageTestRandom([18932484, 3847359, 25396607, 28803481, 10583853, ...],14778254.0f)" fullname="Open_Lab_04._10.Tests.AverageTestRandom([18932484, 3847359, 25396607, 28803481, 10583853, ...],14778254.0f)" methodname="AverageTestRandom" classname="Open_Lab_04._10.Tests" runstate="Runnable" seed="1062958186" result="Passed" start-time="2021-11-09 21:13:09Z" end-time="2021-11-09 21:13:09Z" duration="0.000146" asserts="1" />
            <test-case id="1052" name="AverageTestRandom([28733236, 36945408, 34391421, 34385795, 22901771, ...],21723040.0f)" fullname="Open_Lab_04._10.Tests.AverageTestRandom([28733236, 36945408, 34391421, 34385795, 22901771, ...],21723040.0f)" methodname="AverageTestRandom" classname="Open_Lab_04._10.Tests" runstate="Runnable" seed="343979776" result="Passed" start-time="2021-11-09 21:13:09Z" end-time="2021-11-09 21:13:09Z" duration="0.000168" asserts="1" />
            <test-case id="1053" name="AverageTestRandom([3750565, 17563457, 409952, 4601087, 22601722, ...],11509565.0f)" fullname="Open_Lab_04._10.Tests.AverageTestRandom([3750565, 17563457, 409952, 4601087, 22601722, ...],11509565.0f)" methodname="AverageTestRandom" classname="Open_Lab_04._10.Tests" runstate="Runnable" seed="661616593" result="Passed" start-time="2021-11-09 21:13:09Z" end-time="2021-11-09 21:13:09Z" duration="0.000086" asserts="1" />
            <test-case id="1054" name="AverageTestRandom([19153954, 6817147, 11806537, 8198100, 163005, ...],12101287.0f)" fullname="Open_Lab_04._10.Tests.AverageTestRandom([19153954, 6817147, 11806537, 8198100, 163005, ...],12101287.0f)" methodname="AverageTestRandom" classname="Open_Lab_04._10.Tests" runstate="Runnable" seed="1255724451" result="Passed" start-time="2021-11-09 21:13:09Z" end-time="2021-11-09 21:13:09Z" duration="0.000079" asserts="1" />
            <test-case id="1055" name="AverageTestRandom([48238152, 25696109, 7348984, 43275505, 8646672, ...],31698976.0f)" fullname="Open_Lab_04._10.Tests.AverageTestRandom([48238152, 25696109, 7348984, 43275505, 8646672, ...],31698976.0f)" methodname="AverageTestRandom" classname="Open_Lab_04._10.Tests" runstate="Runnable" seed="439720562" result="Passed" start-time="2021-11-09 21:13:09Z" end-time="2021-11-09 21:13:09Z" duration="0.000065" asserts="1" />
            <test-case id="1056" name="AverageTestRandom([1137805, 21972870, 54774339, 4521569, 8928955, ...],31321876.0f)" fullname="Open_Lab_04._10.Tests.AverageTestRandom([1137805, 21972870, 54774339, 4521569, 8928955, ...],31321876.0f)" methodname="AverageTestRandom" classname="Open_Lab_04._10.Tests" runstate="Runnable" seed="1538289405" result="Passed" start-time="2021-11-09 21:13:09Z" end-time="2021-11-09 21:13:09Z" duration="0.000078" asserts="1" />
            <test-case id="1057" name="AverageTestRandom([10543439, 272020, 7299392, 3251936, 17341255, ...],11628078.0f)" fullname="Open_Lab_04._10.Tests.AverageTestRandom([10543439, 272020, 7299392, 3251936, 17341255, ...],11628078.0f)" methodname="AverageTestRandom" classname="Open_Lab_04._10.Tests" runstate="Runnable" seed="1006876367" result="Passed" start-time="2021-11-09 21:13:09Z" end-time="2021-11-09 21:13:09Z" duration="0.000065" asserts="1" />
            <test-case id="1058" name="AverageTestRandom([23941667, 44931172, 40262072, 46474196, 5462006, ...],28673324.0f)" fullname="Open_Lab_04._10.Tests.AverageTestRandom([23941667, 44931172, 40262072, 46474196, 5462006, ...],28673324.0f)" methodname="AverageTestRandom" classname="Open_Lab_04._10.Tests" runstate="Runnable" seed="1468370723" result="Passed" start-time="2021-11-09 21:13:09Z" end-time="2021-11-09 21:13:09Z" duration="0.000078" asserts="1" />
            <test-case id="1059" name="AverageTestRandom([12555603, 23861080, 29783921, 1978912, 37537113, ...],19855544.0f)" fullname="Open_Lab_04._10.Tests.AverageTestRandom([12555603, 23861080, 29783921, 1978912, 37537113, ...],19855544.0f)" methodname="AverageTestRandom" classname="Open_Lab_04._10.Tests" runstate="Runnable" seed="517776992" result="Passed" start-time="2021-11-09 21:13:09Z" end-time="2021-11-09 21:13:09Z" duration="0.000065" asserts="1" />
            <test-case id="1060" name="AverageTestRandom([21409745, 13508977, 11740137, 54970732, 6063771, ...],44839276.0f)" fullname="Open_Lab_04._10.Tests.AverageTestRandom([21409745, 13508977, 11740137, 54970732, 6063771, ...],44839276.0f)" methodname="AverageTestRandom" classname="Open_Lab_04._10.Tests" runstate="Runnable" seed="1276695773" result="Passed" start-time="2021-11-09 21:13:09Z" end-time="2021-11-09 21:13:09Z" duration="0.000096" asserts="1" />
            <test-case id="1061" name="AverageTestRandom([10446606, 4720410, 10324060, 5429578, 20103123, ...],10762956.0f)" fullname="Open_Lab_04._10.Tests.AverageTestRandom([10446606, 4720410, 10324060, 5429578, 20103123, ...],10762956.0f)" methodname="AverageTestRandom" classname="Open_Lab_04._10.Tests" runstate="Runnable" seed="153464950" result="Passed" start-time="2021-11-09 21:13:09Z" end-time="2021-11-09 21:13:09Z" duration="0.000076" asserts="1" />
            <test-case id="1062" name="AverageTestRandom([11269193, 2811346, 5426820, 12295689, 10407341, ...],10950779.0f)" fullname="Open_Lab_04._10.Tests.AverageTestRandom([11269193, 2811346, 5426820, 12295689, 10407341, ...],10950779.0f)" methodname="AverageTestRandom" classname="Open_Lab_04._10.Tests" runstate="Runnable" seed="214321501" result="Passed" start-time="2021-11-09 21:13:09Z" end-time="2021-11-09 21:13:09Z" duration="0.000067" asserts="1" />
            <test-case id="1063" name="AverageTestRandom([567091052, 437960516, 60103178],355051580.0f)" fullname="Open_Lab_04._10.Tests.AverageTestRandom([567091052, 437960516, 60103178],355051580.0f)" methodname="AverageTestRandom" classname="Open_Lab_04._10.Tests" runstate="Runnable" seed="1547805776" result="Passed" start-time="2021-11-09 21:13:09Z" end-time="2021-11-09 21:13:09Z" duration="0.000112" asserts="1" />
            <test-case id="1064" name="AverageTestRandom([874114, 11106185, 6145217, 19492475, 13567024, ...],11353791.0f)" fullname="Open_Lab_04._10.Tests.AverageTestRandom([874114, 11106185, 6145217, 19492475, 13567024, ...],11353791.0f)" methodname="AverageTestRandom" classname="Open_Lab_04._10.Tests" runstate="Runnable" seed="581705301" result="Passed" start-time="2021-11-09 21:13:09Z" end-time="2021-11-09 21:13:09Z" duration="0.000067" asserts="1" />
            <test-case id="1065" name="AverageTestRandom([9583924, 16593023, 24909897, 33706285, 5960961, ...],18674620.0f)" fullname="Open_Lab_04._10.Tests.AverageTestRandom([9583924, 16593023, 24909897, 33706285, 5960961, ...],18674620.0f)" methodname="AverageTestRandom" classname="Open_Lab_04._10.Tests" runstate="Runnable" seed="1265541981" result="Passed" start-time="2021-11-09 21:13:09Z" end-time="2021-11-09 21:13:09Z" duration="0.000083" asserts="1" />
            <test-case id="1066" name="AverageTestRandom([78344246, 104924755, 153005325, 123569904, 112173966, ...],102209976.0f)" fullname="Open_Lab_04._10.Tests.AverageTestRandom([78344246, 104924755, 153005325, 123569904, 112173966, ...],102209976.0f)" methodname="AverageTestRandom" classname="Open_Lab_04._10.Tests" runstate="Runnable" seed="39913155" result="Passed" start-time="2021-11-09 21:13:09Z" end-time="2021-11-09 21:13:09Z" duration="0.000065" asserts="1" />
            <test-case id="1067" name="AverageTestRandom([25119902, 310794, 2143945, 6141836, 2330854, ...],16595541.0f)" fullname="Open_Lab_04._10.Tests.AverageTestRandom([25119902, 310794, 2143945, 6141836, 2330854, ...],16595541.0f)" methodname="AverageTestRandom" classname="Open_Lab_04._10.Tests" runstate="Runnable" seed="100416671" result="Passed" start-time="2021-11-09 21:13:09Z" end-time="2021-11-09 21:13:09Z" duration="0.000079" asserts="1" />
            <test-case id="1068" name="AverageTestRandom([280774, 17591027, 8993032, 3713929, 14613997, ...],12295211.0f)" fullname="Open_Lab_04._10.Tests.AverageTestRandom([280774, 17591027, 8993032, 3713929, 14613997, ...],12295211.0f)" methodname="AverageTestRandom" classname="Open_Lab_04._10.Tests" runstate="Runnable" seed="1693245322" result="Passed" start-time="2021-11-09 21:13:09Z" end-time="2021-11-09 21:13:09Z" duration="0.000080" asserts="1" />
            <test-case id="1069" name="AverageTestRandom([104279911, 121622452, 106207516, 78439490, 79001779, ...],78818670.0f)" fullname="Open_Lab_04._10.Tests.AverageTestRandom([104279911, 121622452, 106207516, 78439490, 79001779, ...],78818670.0f)" methodname="AverageTestRandom" classname="Open_Lab_04._10.Tests" runstate="Runnable" seed="1949478680" result="Passed" start-time="2021-11-09 21:13:09Z" end-time="2021-11-09 21:13:09Z" duration="0.000065" asserts="1" />
            <test-case id="1070" name="AverageTestRandom([2460398, 3599971, 11416912, 35629583, 29965000, ...],16951162.0f)" fullname="Open_Lab_04._10.Tests.AverageTestRandom([2460398, 3599971, 11416912, 35629583, 29965000, ...],16951162.0f)" methodname="AverageTestRandom" classname="Open_Lab_04._10.Tests" runstate="Runnable" seed="904231198" result="Passed" start-time="2021-11-09 21:13:09Z" end-time="2021-11-09 21:13:09Z" duration="0.000085" asserts="1" />
            <test-case id="1071" name="AverageTestRandom([13395109, 14361041, 57846587, 27051658, 43900561, ...],32588892.0f)" fullname="Open_Lab_04._10.Tests.AverageTestRandom([13395109, 14361041, 57846587, 27051658, 43900561, ...],32588892.0f)" methodname="AverageTestRandom" classname="Open_Lab_04._10.Tests" runstate="Runnable" seed="1365434444" result="Passed" start-time="2021-11-09 21:13:09Z" end-time="2021-11-09 21:13:09Z" duration="0.000099" asserts="1" />
            <test-case id="1072" name="AverageTestRandom([3111489, 11640692, 2398903, 11834058, 5653109, ...],12873647.0f)" fullname="Open_Lab_04._10.Tests.AverageTestRandom([3111489, 11640692, 2398903, 11834058, 5653109, ...],12873647.0f)" methodname="AverageTestRandom" classname="Open_Lab_04._10.Tests" runstate="Runnable" seed="1633153784" result="Passed" start-time="2021-11-09 21:13:09Z" end-time="2021-11-09 21:13:09Z" duration="0.000081" asserts="1" />
            <test-case id="1073" name="AverageTestRandom([18495611, 20486856, 4593717, 3763165, 25901433, ...],13612388.0f)" fullname="Open_Lab_04._10.Tests.AverageTestRandom([18495611, 20486856, 4593717, 3763165, 25901433, ...],13612388.0f)" methodname="AverageTestRandom" classname="Open_Lab_04._10.Tests" runstate="Runnable" seed="143686865" result="Passed" start-time="2021-11-09 21:13:09Z" end-time="2021-11-09 21:13:09Z" duration="0.000065" asserts="1" />
            <test-case id="1074" name="AverageTestRandom([50595518, 245891883, 20876637, 220776870, 125527288, ...],160586830.0f)" fullname="Open_Lab_04._10.Tests.AverageTestRandom([50595518, 245891883, 20876637, 220776870, 125527288, ...],160586830.0f)" methodname="AverageTestRandom" classname="Open_Lab_04._10.Tests" runstate="Runnable" seed="1551963635" result="Passed" start-time="2021-11-09 21:13:09Z" end-time="2021-11-09 21:13:09Z" duration="0.000085" asserts="1" />
            <test-case id="1075" name="AverageTestRandom([6273608, 41048317, 39263439, 50243780, 50726194, ...],32946922.0f)" fullname="Open_Lab_04._10.Tests.AverageTestRandom([6273608, 41048317, 39263439, 50243780, 50726194, ...],32946922.0f)" methodname="AverageTestRandom" classname="Open_Lab_04._10.Tests" runstate="Runnable" seed="77923697" result="Passed" start-time="2021-11-09 21:13:09Z" end-time="2021-11-09 21:13:09Z" duration="0.000080" asserts="1" />
            <test-case id="1076" name="AverageTestRandom([53967147, 5719931, 35092324, 29121312, 21423552, ...],34241440.0f)" fullname="Open_Lab_04._10.Tests.AverageTestRandom([53967147, 5719931, 35092324, 29121312, 21423552, ...],34241440.0f)" methodname="AverageTestRandom" classname="Open_Lab_04._10.Tests" runstate="Runnable" seed="960970007" result="Passed" start-time="2021-11-09 21:13:09Z" end-time="2021-11-09 21:13:09Z" duration="0.000067" asserts="1" />
            <test-case id="1077" name="AverageTestRandom([110777266, 16371780, 92589420, 90503902, 90486330, ...],67259130.0f)" fullname="Open_Lab_04._10.Tests.AverageTestRandom([110777266, 16371780, 92589420, 90503902, 90486330, ...],67259130.0f)" methodname="AverageTestRandom" classname="Open_Lab_04._10.Tests" runstate="Runnable" seed="988708355" result="Passed" start-time="2021-11-09 21:13:09Z" end-time="2021-11-09 21:13:09Z" duration="0.000085" asserts="1" />
            <test-case id="1078" name="AverageTestRandom([44211748, 18258414, 25556506, 2053835, 38746750, ...],30032562.0f)" fullname="Open_Lab_04._10.Tests.AverageTestRandom([44211748, 18258414, 25556506, 2053835, 38746750, ...],30032562.0f)" methodname="AverageTestRandom" classname="Open_Lab_04._10.Tests" runstate="Runnable" seed="699551330" result="Passed" start-time="2021-11-09 21:13:09Z" end-time="2021-11-09 21:13:09Z" duration="0.000066" asserts="1" />
            <test-case id="1079" name="AverageTestRandom([174902341, 91866789, 558699, 2423989, 124290736, ...],96381424.0f)" fullname="Open_Lab_04._10.Tests.AverageTestRandom([174902341, 91866789, 558699, 2423989, 124290736, ...],96381424.0f)" methodname="AverageTestRandom" classname="Open_Lab_04._10.Tests" runstate="Runnable" seed="865886212" result="Passed" start-time="2021-11-09 21:13:09Z" end-time="2021-11-09 21:13:09Z" duration="0.000078" asserts="1" />
            <test-case id="1080" name="AverageTestRandom([41011665, 70409354, 19041129, 44839158, 61780920, ...],51257000.0f)" fullname="Open_Lab_04._10.Tests.AverageTestRandom([41011665, 70409354, 19041129, 44839158, 61780920, ...],51257000.0f)" methodname="AverageTestRandom" classname="Open_Lab_04._10.Tests" runstate="Runnable" seed="967085273" result="Passed" start-time="2021-11-09 21:13:09Z" end-time="2021-11-09 21:13:09Z" duration="0.000066" asserts="1" />
            <test-case id="1081" name="AverageTestRandom([7233497, 1838534, 8773992, 9382689, 4232615, ...],11860767.0f)" fullname="Open_Lab_04._10.Tests.AverageTestRandom([7233497, 1838534, 8773992, 9382689, 4232615, ...],11860767.0f)" methodname="AverageTestRandom" classname="Open_Lab_04._10.Tests" runstate="Runnable" seed="1037560603" result="Passed" start-time="2021-11-09 21:13:09Z" end-time="2021-11-09 21:13:09Z" duration="0.000079" asserts="1" />
            <test-case id="1082" name="AverageTestRandom([712543219, 668452113, 85425099],488806820.0f)" fullname="Open_Lab_04._10.Tests.AverageTestRandom([712543219, 668452113, 85425099],488806820.0f)" methodname="AverageTestRandom" classname="Open_Lab_04._10.Tests" runstate="Runnable" seed="596487321" result="Passed" start-time="2021-11-09 21:13:09Z" end-time="2021-11-09 21:13:09Z" duration="0.000080" asserts="1" />
            <test-case id="1083" name="AverageTestRandom([33049560, 28927081, 13097429, 16791774, 22870159, ...],22877510.0f)" fullname="Open_Lab_04._10.Tests.AverageTestRandom([33049560, 28927081, 13097429, 16791774, 22870159, ...],22877510.0f)" methodname="AverageTestRandom" classname="Open_Lab_04._10.Tests" runstate="Runnable" seed="1350314895" result="Passed" start-time="2021-11-09 21:13:09Z" end-time="2021-11-09 21:13:09Z" duration="0.000066" asserts="1" />
            <test-case id="1084" name="AverageTestRandom([6124378, 11302925, 13200375, 21756250, 2400079, ...],13484755.0f)" fullname="Open_Lab_04._10.Tests.AverageTestRandom([6124378, 11302925, 13200375, 21756250, 2400079, ...],13484755.0f)" methodname="AverageTestRandom" classname="Open_Lab_04._10.Tests" runstate="Runnable" seed="1128951357" result="Passed" start-time="2021-11-09 21:13:09Z" end-time="2021-11-09 21:13:09Z" duration="0.000088" asserts="1" />
            <test-case id="1085" name="AverageTestRandom([94209789, 115314302, 68365622, 104707405, 35481228, ...],75999184.0f)" fullname="Open_Lab_04._10.Tests.AverageTestRandom([94209789, 115314302, 68365622, 104707405, 35481228, ...],75999184.0f)" methodname="AverageTestRandom" classname="Open_Lab_04._10.Tests" runstate="Runnable" seed="1975959536" result="Passed" start-time="2021-11-09 21:13:09Z" end-time="2021-11-09 21:13:09Z" duration="0.000065" asserts="1" />
            <test-case id="1086" name="AverageTestRandom([18492324, 16182900, 3749277, 9483734, 40434504, ...],21529132.0f)" fullname="Open_Lab_04._10.Tests.AverageTestRandom([18492324, 16182900, 3749277, 9483734, 40434504, ...],21529132.0f)" methodname="AverageTestRandom" classname="Open_Lab_04._10.Tests" runstate="Runnable" seed="1365865158" result="Passed" start-time="2021-11-09 21:13:09Z" end-time="2021-11-09 21:13:09Z" duration="0.000080" asserts="1" />
            <test-case id="1087" name="AverageTestRandom([280267036, 242641690, 115655289, 285109686],230918430.0f)" fullname="Open_Lab_04._10.Tests.AverageTestRandom([280267036, 242641690, 115655289, 285109686],230918430.0f)" methodname="AverageTestRandom" classname="Open_Lab_04._10.Tests" runstate="Runnable" seed="1839276804" result="Passed" start-time="2021-11-09 21:13:09Z" end-time="2021-11-09 21:13:09Z" duration="0.000064" asserts="1" />
            <test-case id="1088" name="AverageTestRandom([21470650, 136814, 20640106, 6167002, 24093795, ...],17512038.0f)" fullname="Open_Lab_04._10.Tests.AverageTestRandom([21470650, 136814, 20640106, 6167002, 24093795, ...],17512038.0f)" methodname="AverageTestRandom" classname="Open_Lab_04._10.Tests" runstate="Runnable" seed="1308834807" result="Passed" start-time="2021-11-09 21:13:09Z" end-time="2021-11-09 21:13:09Z" duration="0.000084" asserts="1" />
            <test-case id="1089" name="AverageTestRandom([17353387, 41352631, 16889408, 13772447, 39289775, ...],19858496.0f)" fullname="Open_Lab_04._10.Tests.AverageTestRandom([17353387, 41352631, 16889408, 13772447, 39289775, ...],19858496.0f)" methodname="AverageTestRandom" classname="Open_Lab_04._10.Tests" runstate="Runnable" seed="455990807" result="Passed" start-time="2021-11-09 21:13:09Z" end-time="2021-11-09 21:13:09Z" duration="0.000079" asserts="1" />
            <test-case id="1090" name="AverageTestRandom([62282513, 15478742, 118438490, 162616255, 142754656, ...],89998696.0f)" fullname="Open_Lab_04._10.Tests.AverageTestRandom([62282513, 15478742, 118438490, 162616255, 142754656, ...],89998696.0f)" methodname="AverageTestRandom" classname="Open_Lab_04._10.Tests" runstate="Runnable" seed="146911750" result="Passed" start-time="2021-11-09 21:13:09Z" end-time="2021-11-09 21:13:09Z" duration="0.000066" asserts="1" />
            <test-case id="1091" name="AverageTestRandom([22623082, 5268170, 31468941, 11805519, 33669675, ...],17387696.0f)" fullname="Open_Lab_04._10.Tests.AverageTestRandom([22623082, 5268170, 31468941, 11805519, 33669675, ...],17387696.0f)" methodname="AverageTestRandom" classname="Open_Lab_04._10.Tests" runstate="Runnable" seed="530363869" result="Passed" start-time="2021-11-09 21:13:09Z" end-time="2021-11-09 21:13:09Z" duration="0.000400" asserts="1" />
            <test-case id="1092" name="AverageTestRandom([51611398, 128066128, 4043901, 58556564, 126335093, ...],61621636.0f)" fullname="Open_Lab_04._10.Tests.AverageTestRandom([51611398, 128066128, 4043901, 58556564, 126335093, ...],61621636.0f)" methodname="AverageTestRandom" classname="Open_Lab_04._10.Tests" runstate="Runnable" seed="1857646159" result="Passed" start-time="2021-11-09 21:13:09Z" end-time="2021-11-09 21:13:09Z" duration="0.000193" asserts="1" />
            <test-case id="1093" name="AverageTestRandom([404455997, 286920720, 200315485, 302804588],298624200.0f)" fullname="Open_Lab_04._10.Tests.AverageTestRandom([404455997, 286920720, 200315485, 302804588],298624200.0f)" methodname="AverageTestRandom" classname="Open_Lab_04._10.Tests" runstate="Runnable" seed="1726814476" result="Passed" start-time="2021-11-09 21:13:09Z" end-time="2021-11-09 21:13:09Z" duration="0.000141" asserts="1" />
            <test-case id="1094" name="AverageTestRandom([26781467, 22566686, 13278656, 7106218, 15465638, ...],14460753.0f)" fullname="Open_Lab_04._10.Tests.AverageTestRandom([26781467, 22566686, 13278656, 7106218, 15465638, ...],14460753.0f)" methodname="AverageTestRandom" classname="Open_Lab_04._10.Tests" runstate="Runnable" seed="1869577598" result="Passed" start-time="2021-11-09 21:13:09Z" end-time="2021-11-09 21:13:09Z" duration="0.000093" asserts="1" />
            <test-case id="1095" name="AverageTestRandom([166618241, 286720795, 91557164, 123069772, 47959025, ...],120572130.0f)" fullname="Open_Lab_04._10.Tests.AverageTestRandom([166618241, 286720795, 91557164, 123069772, 47959025, ...],120572130.0f)" methodname="AverageTestRandom" classname="Open_Lab_04._10.Tests" runstate="Runnable" seed="228459604" result="Passed" start-time="2021-11-09 21:13:09Z" end-time="2021-11-09 21:13:09Z" duration="0.000093" asserts="1" />
            <test-case id="1096" name="AverageTestRandom([71692738, 31245556, 84630910, 68238802, 2850332, ...],43624136.0f)" fullname="Open_Lab_04._10.Tests.AverageTestRandom([71692738, 31245556, 84630910, 68238802, 2850332, ...],43624136.0f)" methodname="AverageTestRandom" classname="Open_Lab_04._10.Tests" runstate="Runnable" seed="1512765726" result="Passed" start-time="2021-11-09 21:13:09Z" end-time="2021-11-09 21:13:09Z" duration="0.000236" asserts="1" />
            <test-case id="1097" name="AverageTestRandom([14528139, 7348946, 5546729, 13088490, 19163654, ...],12872913.0f)" fullname="Open_Lab_04._10.Tests.AverageTestRandom([14528139, 7348946, 5546729, 13088490, 19163654, ...],12872913.0f)" methodname="AverageTestRandom" classname="Open_Lab_04._10.Tests" runstate="Runnable" seed="611039412" result="Passed" start-time="2021-11-09 21:13:09Z" end-time="2021-11-09 21:13:09Z" duration="0.000084" asserts="1" />
            <test-case id="1098" name="AverageTestRandom([7260372, 673300, 12354642, 14004122, 5089090, ...],11610522.0f)" fullname="Open_Lab_04._10.Tests.AverageTestRandom([7260372, 673300, 12354642, 14004122, 5089090, ...],11610522.0f)" methodname="AverageTestRandom" classname="Open_Lab_04._10.Tests" runstate="Runnable" seed="240482569" result="Passed" start-time="2021-11-09 21:13:09Z" end-time="2021-11-09 21:13:09Z" duration="0.000101" asserts="1" />
            <test-case id="1099" name="AverageTestRandom([18051535, 10777634, 25886347, 10272416, 13688496, ...],14260645.0f)" fullname="Open_Lab_04._10.Tests.AverageTestRandom([18051535, 10777634, 25886347, 10272416, 13688496, ...],14260645.0f)" methodname="AverageTestRandom" classname="Open_Lab_04._10.Tests" runstate="Runnable" seed="586941269" result="Passed" start-time="2021-11-09 21:13:09Z" end-time="2021-11-09 21:13:09Z" duration="0.000080" asserts="1" />
            <test-case id="1100" name="AverageTestRandom([24500742, 5346841, 30723708, 12198619, 22098438, ...],19012358.0f)" fullname="Open_Lab_04._10.Tests.AverageTestRandom([24500742, 5346841, 30723708, 12198619, 22098438, ...],19012358.0f)" methodname="AverageTestRandom" classname="Open_Lab_04._10.Tests" runstate="Runnable" seed="853117244" result="Passed" start-time="2021-11-09 21:13:09Z" end-time="2021-11-09 21:13:09Z" duration="0.000095" asserts="1" />
            <test-case id="1101" name="AverageTestRandom([18811859, 30558385, 17474881, 32810182, 4375566, ...],22436470.0f)" fullname="Open_Lab_04._10.Tests.AverageTestRandom([18811859, 30558385, 17474881, 32810182, 4375566, ...],22436470.0f)" methodname="AverageTestRandom" classname="Open_Lab_04._10.Tests" runstate="Runnable" seed="1954830787" result="Passed" start-time="2021-11-09 21:13:09Z" end-time="2021-11-09 21:13:09Z" duration="0.000073" asserts="1" />
          </test-suite>
        </test-suite>
      </test-suite>
    </test-suite>
  </test-suite>
</test-run>